Start testing: Feb 01 23:45 PST
----------------------------------------------------------
1/3 Testing: array.cu.x
1/3 Test: array.cu.x
Command: "/home/correaa/prj/inq/external_libs/multi/adaptors/cuda/build/thrust/test/array.cu.x"
Directory: /home/correaa/prj/inq/external_libs/multi/adaptors/cuda/build/thrust/test
"array.cu.x" start time: Feb 01 23:45 PST
Output:
----------------------------------------------------------
terminate called after throwing an instance of 'thrust::system::system_error'
  what():  CUDA free failed: cudaErrorIllegalAddress: an illegal memory access was encountered
Running 1 test case...
unknown location(0): [4;31;49mfatal error: in "array": signal: SIGABRT (application abort requested)[0;39;49m
/home/correaa/prj/inq/external_libs/multi/adaptors/cuda/thrust/test/array.cu(54): [1;36;49mlast checkpoint[0;39;49m

[1;31;49m*** 1 failure is detected in the test module "C++ Unit Tests for Multi CUDA thrust"
[0;39;49m
<end of output>
Test time =   0.18 sec
----------------------------------------------------------
Test Failed.
"array.cu.x" end time: Feb 01 23:45 PST
"array.cu.x" time elapsed: 00:00:00
----------------------------------------------------------

2/3 Testing: vector.cu.x
2/3 Test: vector.cu.x
Command: "/home/correaa/prj/inq/external_libs/multi/adaptors/cuda/build/thrust/test/vector.cu.x"
Directory: /home/correaa/prj/inq/external_libs/multi/adaptors/cuda/build/thrust/test
"vector.cu.x" start time: Feb 01 23:45 PST
Output:
----------------------------------------------------------
Running 1 test case...

[1;32;49m*** No errors detected
[0;39;49m
<end of output>
Test time =   0.20 sec
----------------------------------------------------------
Test Passed.
"vector.cu.x" end time: Feb 01 23:45 PST
"vector.cu.x" time elapsed: 00:00:00
----------------------------------------------------------

3/3 Testing: gemm.cu.x
3/3 Test: gemm.cu.x
Command: "/home/correaa/prj/inq/external_libs/multi/adaptors/cuda/build/cublas/test/gemm.cu.x"
Directory: /home/correaa/prj/inq/external_libs/multi/adaptors/cuda/build/cublas/test
"gemm.cu.x" start time: Feb 01 23:45 PST
Output:
----------------------------------------------------------
Running 3 test cases...

[1;32;49m*** No errors detected
[0;39;49m
<end of output>
Test time =   0.01 sec
----------------------------------------------------------
Test Passed.
"gemm.cu.x" end time: Feb 01 23:45 PST
"gemm.cu.x" time elapsed: 00:00:00
----------------------------------------------------------

End testing: Feb 01 23:45 PST
