Start testing: Nov 02 09:20 MDT
----------------------------------------------------------
28/2048 Testing: deterministic-unit_test_wavefunction_sposet
28/2048 Test: deterministic-unit_test_wavefunction_sposet
Command: "/projects/cde/v3/cee/spack/opt/spack/linux-rhel7-x86_64/intel-2021.1.2/openmpi-4.1.2-awpydu2boorwxkfkfgtkgilngfsokjy4/bin/mpiexec" "-n" "1" "--bind-to" "none" "/gpfs/rclay/qmcpack_worktree/complex_orb_opt_fix/build-complex-soa-fp-cee/src/QMCWaveFunctions/tests/test_wavefunction_sposet"
Directory: /gpfs/rclay/qmcpack_worktree/complex_orb_opt_fix/build-complex-soa-fp-cee/src/QMCWaveFunctions/tests
"deterministic-unit_test_wavefunction_sposet" start time: Nov 02 09:20 MDT
Output:
----------------------------------------------------------
QMCPACK printout is suppressed. Use --turn-on-printout to see all the printout.
[cee-compute036:213066] *** Process received signal ***
[cee-compute036:213066] Signal: Aborted (6)
[cee-compute036:213066] Signal code:  (-6)
[cee-compute036:213066] [ 0] /lib64/libpthread.so.0(+0xf630)[0x7fec55b30630]
[cee-compute036:213066] [ 1] /lib64/libc.so.6(gsignal+0x37)[0x7fec55789387]
[cee-compute036:213066] [ 2] /lib64/libc.so.6(abort+0x148)[0x7fec5578aa78]
[cee-compute036:213066] [ 3] /lib64/libc.so.6(+0x78f67)[0x7fec557cbf67]
[cee-compute036:213066] [ 4] /lib64/libc.so.6(+0x81329)[0x7fec557d4329]
[cee-compute036:213066] [ 5] /gpfs/rclay/qmcpack_worktree/complex_orb_opt_fix/build-complex-soa-fp-cee/src/QMCWaveFunctions/tests/test_wavefunction_sposet[0x872531]
[cee-compute036:213066] [ 6] /gpfs/rclay/qmcpack_worktree/complex_orb_opt_fix/build-complex-soa-fp-cee/src/QMCWaveFunctions/tests/test_wavefunction_sposet[0x48cb4f]
[cee-compute036:213066] [ 7] /gpfs/rclay/qmcpack_worktree/complex_orb_opt_fix/build-complex-soa-fp-cee/src/QMCWaveFunctions/tests/test_wavefunction_sposet[0x769aae]
[cee-compute036:213066] [ 8] /gpfs/rclay/qmcpack_worktree/complex_orb_opt_fix/build-complex-soa-fp-cee/src/QMCWaveFunctions/tests/test_wavefunction_sposet[0x7689b8]
[cee-compute036:213066] [ 9] /gpfs/rclay/qmcpack_worktree/complex_orb_opt_fix/build-complex-soa-fp-cee/src/QMCWaveFunctions/tests/test_wavefunction_sposet[0x6c3ca3]
[cee-compute036:213066] [10] /gpfs/rclay/qmcpack_worktree/complex_orb_opt_fix/build-complex-soa-fp-cee/src/QMCWaveFunctions/tests/test_wavefunction_sposet[0x6b4ad9]
[cee-compute036:213066] [11] /lib64/libc.so.6(__libc_start_main+0xf5)[0x7fec55775555]
[cee-compute036:213066] [12] /gpfs/rclay/qmcpack_worktree/complex_orb_opt_fix/build-complex-soa-fp-cee/src/QMCWaveFunctions/tests/test_wavefunction_sposet[0x410369]
[cee-compute036:213066] *** End of error message ***

~~~~~~~~~~~~~~~~~~~~~~~~~~~~~~~~~~~~~~~~~~~~~~~~~~~~~~~~~~~~~~~~~~~~~~~~~~~~~~~
[0;37mtest_wavefunction_sposet is a Catch v2.13.9 host application.
Run with -? for options

[0m-------------------------------------------------------------------------------
[0mRotatedSPOs log matrix
[0m-------------------------------------------------------------------------------
[0;37m/gpfs/rclay/qmcpack_worktree/complex_orb_opt_fix/src/QMCWaveFunctions/tests/test_RotatedSPOs.cpp:401
...............................................................................

[0m[0;37m/gpfs/rclay/qmcpack_worktree/complex_orb_opt_fix/src/QMCWaveFunctions/tests/test_RotatedSPOs.cpp:401: [0m[1;31mFAILED:
[0mdue to a fatal error condition:
  SIGABRT - Abort (abnormal termination) signal

[1;31m===[0m[1;33m[0m[0;32m============================================================================[0m
test cases:   25[0;37m | [0m[0;32m  24 passed[0m[0;37m | [0m[1;31m1 failed[0m
assertions: 1345[0;37m | [0m[0;32m1344 passed[0m[0;37m | [0m[1;31m1 failed[0m

--------------------------------------------------------------------------
Primary job  terminated normally, but 1 process returned
a non-zero exit code. Per user-direction, the job has been aborted.
--------------------------------------------------------------------------
--------------------------------------------------------------------------
mpiexec noticed that process rank 0 with PID 0 on node cee-compute036 exited on signal 6 (Aborted).
--------------------------------------------------------------------------
<end of output>
Test time =  10.92 sec
----------------------------------------------------------
Test Failed.
"deterministic-unit_test_wavefunction_sposet" end time: Nov 02 09:20 MDT
"deterministic-unit_test_wavefunction_sposet" time elapsed: 00:00:10
----------------------------------------------------------

End testing: Nov 02 09:20 MDT

deterministic =  10.92 sec*proc

quality_unknown =  10.92 sec*proc

unit =  10.92 sec*proc

